[2024-04-16 23:33:00,000]: ---------- START NEW COLLECTED PROCESS ---------- (contact_server.py)
[2024-04-16 23:33:00,001]: Start attack: 1, epoch time: 1713281580.0006547 (contact_server.py)
[2024-04-16 23:33:16,336]: All device connected to wifi init finish! (contact_server.py)
[2024-04-16 23:33:24,697]: Call device do scenario ! epoch time: 1713281604.6960595 (contact_server.py)
[2024-04-16 23:33:24,697]: Choose scenario ! (contact_server.py)
[2024-04-16 23:33:24,699]: IPhone do scenario 2 (contact_server.py)
[2024-04-16 23:37:11,056]: Init attack, close all device wifi ! epoch time: 1713281831.0567956 (contact_server.py)
[2024-04-16 23:37:31,066]: Attack start, epoch time: 1713281851.0662966 (contact_server.py)
[2024-04-17 00:01:00,000]: ---------- START NEW COLLECTED PROCESS ---------- (contact_server.py)
[2024-04-17 00:01:00,001]: Start attack: 2, epoch time: 1713283260.0005133 (contact_server.py)
[2024-04-17 00:01:16,263]: All device connected to wifi init finish! (contact_server.py)
[2024-04-17 00:01:24,122]: Call device do scenario ! epoch time: 1713283284.122951 (contact_server.py)
[2024-04-17 00:01:24,123]: Choose scenario ! (contact_server.py)
[2024-04-17 00:01:24,124]: IPhone do scenario 6 (contact_server.py)
[2024-04-17 00:05:10,004]: Init attack, close all device wifi ! epoch time: 1713283510.0037596 (contact_server.py)
[2024-04-17 00:05:30,006]: Attack start, epoch time: 1713283530.005829 (contact_server.py)
[2024-04-17 00:30:00,000]: ---------- START NEW COLLECTED PROCESS ---------- (contact_server.py)
[2024-04-17 00:30:00,000]: Start attack: 3, epoch time: 1713285000.0007844 (contact_server.py)
[2024-04-17 00:30:16,291]: All device connected to wifi init finish! (contact_server.py)
[2024-04-17 00:30:47,262]: Call device do scenario ! epoch time: 1713285047.2620957 (contact_server.py)
[2024-04-17 00:30:47,263]: Choose scenario ! (contact_server.py)
[2024-04-17 00:30:47,265]: IPhone do scenario 8 (contact_server.py)
[2024-04-17 00:34:47,593]: Init attack, close all device wifi ! epoch time: 1713285287.5928013 (contact_server.py)
[2024-04-17 00:35:07,603]: Attack start, epoch time: 1713285307.6025417 (contact_server.py)
[2024-04-17 00:57:00,000]: ---------- START NEW COLLECTED PROCESS ---------- (contact_server.py)
[2024-04-17 00:57:00,001]: Start attack: 4, epoch time: 1713286620.000685 (contact_server.py)
[2024-04-17 00:57:16,289]: All device connected to wifi init finish! (contact_server.py)
[2024-04-17 00:57:42,438]: Call device do scenario ! epoch time: 1713286662.4385912 (contact_server.py)
[2024-04-17 00:57:42,439]: Choose scenario ! (contact_server.py)
[2024-04-17 00:57:42,440]: IPhone do scenario 2 (contact_server.py)
[2024-04-17 01:01:22,106]: Init attack, close all device wifi ! epoch time: 1713286882.1052825 (contact_server.py)
[2024-04-17 01:01:42,117]: Attack start, epoch time: 1713286902.1165366 (contact_server.py)
[2024-04-17 01:32:00,000]: ---------- START NEW COLLECTED PROCESS ---------- (contact_server.py)
[2024-04-17 01:32:00,000]: Start attack: 5, epoch time: 1713288720.0003552 (contact_server.py)
[2024-04-17 01:32:16,256]: All device connected to wifi init finish! (contact_server.py)
[2024-04-17 01:32:37,272]: Call device do scenario ! epoch time: 1713288757.272238 (contact_server.py)
[2024-04-17 01:32:37,272]: Choose scenario ! (contact_server.py)
[2024-04-17 01:32:37,272]: IPhone do scenario 6 (contact_server.py)
[2024-04-17 01:36:28,760]: Init attack, close all device wifi ! epoch time: 1713288988.7600763 (contact_server.py)
[2024-04-17 01:36:48,769]: Attack start, epoch time: 1713289008.7687476 (contact_server.py)
[2024-04-17 01:57:00,000]: ---------- START NEW COLLECTED PROCESS ---------- (contact_server.py)
[2024-04-17 01:57:00,000]: Start attack: 6, epoch time: 1713290220.0007663 (contact_server.py)
[2024-04-17 01:57:16,273]: All device connected to wifi init finish! (contact_server.py)
[2024-04-17 01:57:36,654]: Call device do scenario ! epoch time: 1713290256.6548264 (contact_server.py)
[2024-04-17 01:57:36,655]: Choose scenario ! (contact_server.py)
[2024-04-17 01:57:36,656]: IPhone do scenario 9 (contact_server.py)
[2024-04-17 02:01:06,948]: Init attack, close all device wifi ! epoch time: 1713290466.947702 (contact_server.py)
[2024-04-17 02:01:26,960]: Attack start, epoch time: 1713290486.9595675 (contact_server.py)
[2024-04-17 02:40:00,000]: ---------- START NEW COLLECTED PROCESS ---------- (contact_server.py)
[2024-04-17 02:40:00,001]: Start attack: 7, epoch time: 1713292800.0002747 (contact_server.py)
[2024-04-17 02:40:16,248]: All device connected to wifi init finish! (contact_server.py)
[2024-04-17 02:40:31,205]: Call device do scenario ! epoch time: 1713292831.205084 (contact_server.py)
[2024-04-17 02:40:31,206]: Choose scenario ! (contact_server.py)
[2024-04-17 02:40:31,208]: IPhone do scenario 1 (contact_server.py)
[2024-04-17 02:44:23,546]: Init attack, close all device wifi ! epoch time: 1713293063.5454092 (contact_server.py)
[2024-04-17 02:44:43,552]: Attack start, epoch time: 1713293083.5520203 (contact_server.py)
[2024-04-17 03:06:00,000]: ---------- START NEW COLLECTED PROCESS ---------- (contact_server.py)
[2024-04-17 03:06:00,000]: Start attack: 7, epoch time: 1713294360.000347 (contact_server.py)
[2024-04-17 03:06:16,302]: All device connected to wifi init finish! (contact_server.py)
[2024-04-17 03:06:37,141]: Call device do scenario ! epoch time: 1713294397.1408336 (contact_server.py)
[2024-04-17 03:06:37,142]: Choose scenario ! (contact_server.py)
[2024-04-17 03:06:37,144]: IPhone do scenario 1 (contact_server.py)
[2024-04-17 03:10:28,848]: Init attack, close all device wifi ! epoch time: 1713294628.8473961 (contact_server.py)
[2024-04-17 03:10:48,852]: Attack start, epoch time: 1713294648.8515582 (contact_server.py)
[2024-04-17 03:32:00,000]: ---------- START NEW COLLECTED PROCESS ---------- (contact_server.py)
[2024-04-17 03:32:00,001]: Start attack: 8, epoch time: 1713295920.0008643 (contact_server.py)
[2024-04-17 03:32:16,328]: All device connected to wifi init finish! (contact_server.py)
[2024-04-17 03:32:43,696]: Call device do scenario ! epoch time: 1713295963.6953654 (contact_server.py)
[2024-04-17 03:32:43,697]: Choose scenario ! (contact_server.py)
[2024-04-17 03:32:43,699]: IPhone do scenario 4 (contact_server.py)
[2024-04-17 03:36:23,091]: Init attack, close all device wifi ! epoch time: 1713296183.0906785 (contact_server.py)
[2024-04-17 03:36:43,103]: Attack start, epoch time: 1713296203.1030655 (contact_server.py)
[2024-04-17 04:05:00,000]: ---------- START NEW COLLECTED PROCESS ---------- (contact_server.py)
[2024-04-17 04:05:00,000]: Start attack: 8, epoch time: 1713297900.0000556 (contact_server.py)
[2024-04-17 04:05:16,322]: All device connected to wifi init finish! (contact_server.py)
[2024-04-17 04:05:27,094]: Call device do scenario ! epoch time: 1713297927.09308 (contact_server.py)
[2024-04-17 04:05:27,094]: Choose scenario ! (contact_server.py)
[2024-04-17 04:05:27,095]: IPhone do scenario 8 (contact_server.py)
[2024-04-17 04:09:06,562]: Init attack, close all device wifi ! epoch time: 1713298146.5615392 (contact_server.py)
[2024-04-17 04:09:26,565]: Attack start, epoch time: 1713298166.5646288 (contact_server.py)
